OHSU11 Q0 89135798 1 6.0 boolean
OHSU11 Q0 89376276 2 6.0 boolean
OHSU11 Q0 89087280 3 6.0 boolean
OHSU11 Q0 88150658 4 6.0 boolean
OHSU11 Q0 88268293 5 6.0 boolean
OHSU11 Q0 88010110 6 6.0 boolean
OHSU11 Q0 88065744 7 6.0 boolean
OHSU11 Q0 88274487 8 6.0 boolean
OHSU11 Q0 90151430 9 6.0 boolean
OHSU11 Q0 91019801 10 6.0 boolean
OHSU11 Q0 90124106 11 6.0 boolean
OHSU11 Q0 91159957 12 6.0 boolean
OHSU11 Q0 91341803 13 6.0 boolean
OHSU11 Q0 91038166 14 6.0 boolean
OHSU16 Q0 90260744 1 4.0 boolean
OHSU17 Q0 91073904 1 5.0 boolean
OHSU18 Q0 91235913 1 5.0 boolean
OHSU20 Q0 89371682 1 3.0 boolean
OHSU20 Q0 89121386 2 3.0 boolean
OHSU20 Q0 89179048 3 3.0 boolean
OHSU20 Q0 89363580 4 3.0 boolean
OHSU20 Q0 89300706 5 3.0 boolean
OHSU20 Q0 88060192 6 3.0 boolean
OHSU20 Q0 90164383 7 3.0 boolean
OHSU20 Q0 91022664 8 3.0 boolean
OHSU20 Q0 90205981 9 3.0 boolean
OHSU20 Q0 91121963 10 3.0 boolean
OHSU21 Q0 91019676 1 5.0 boolean
OHSU24 Q0 89170112 1 4.0 boolean
OHSU24 Q0 89073622 2 4.0 boolean
OHSU24 Q0 91108884 3 4.0 boolean
OHSU24 Q0 91260119 4 4.0 boolean
OHSU26 Q0 89101122 1 5.0 boolean
OHSU26 Q0 89009398 2 5.0 boolean
OHSU26 Q0 89094455 3 5.0 boolean
OHSU42 Q0 91101485 1 3.0 boolean
OHSU42 Q0 91130040 2 3.0 boolean
OHSU47 Q0 89230198 1 4.0 boolean
OHSU47 Q0 90355618 2 4.0 boolean
OHSU49 Q0 89237326 1 4.0 boolean
OHSU49 Q0 89243482 2 4.0 boolean
OHSU49 Q0 89360040 3 4.0 boolean
OHSU49 Q0 89371795 4 4.0 boolean
OHSU49 Q0 89082315 5 4.0 boolean
OHSU49 Q0 89090794 6 4.0 boolean
OHSU49 Q0 89116246 7 4.0 boolean
OHSU49 Q0 88229877 8 4.0 boolean
OHSU49 Q0 88116211 9 4.0 boolean
OHSU49 Q0 88128363 10 4.0 boolean
OHSU49 Q0 88147952 11 4.0 boolean
OHSU49 Q0 89270575 12 4.0 boolean
OHSU49 Q0 88047215 13 4.0 boolean
OHSU49 Q0 88077695 14 4.0 boolean
OHSU49 Q0 88289210 15 4.0 boolean
OHSU49 Q0 90220764 16 4.0 boolean
OHSU49 Q0 90088044 17 4.0 boolean
OHSU49 Q0 90376869 18 4.0 boolean
OHSU49 Q0 90053569 19 4.0 boolean
OHSU49 Q0 88220335 20 4.0 boolean
OHSU49 Q0 88221439 21 4.0 boolean
OHSU49 Q0 88265464 22 4.0 boolean
OHSU49 Q0 88274085 23 4.0 boolean
OHSU49 Q0 88292506 24 4.0 boolean
OHSU49 Q0 90365058 25 4.0 boolean
OHSU49 Q0 90288888 26 4.0 boolean
OHSU49 Q0 89043583 27 4.0 boolean
OHSU49 Q0 89055496 28 4.0 boolean
OHSU49 Q0 89056533 29 4.0 boolean
OHSU49 Q0 89152874 30 4.0 boolean
OHSU49 Q0 89043585 31 4.0 boolean
OHSU49 Q0 91029964 32 4.0 boolean
OHSU49 Q0 90042467 33 4.0 boolean
OHSU49 Q0 90083625 34 4.0 boolean
OHSU49 Q0 91095522 35 4.0 boolean
OHSU49 Q0 91127850 36 4.0 boolean
OHSU49 Q0 91138412 37 4.0 boolean
OHSU49 Q0 91141135 38 4.0 boolean
OHSU49 Q0 91181229 39 4.0 boolean
OHSU49 Q0 91228052 40 4.0 boolean
OHSU49 Q0 91328120 41 4.0 boolean
OHSU51 Q0 89336624 1 4.0 boolean
OHSU51 Q0 89248813 2 4.0 boolean
OHSU51 Q0 89151239 3 4.0 boolean
OHSU51 Q0 89289243 4 4.0 boolean
OHSU51 Q0 89089536 5 4.0 boolean
OHSU51 Q0 89126454 6 4.0 boolean
OHSU51 Q0 88061475 7 4.0 boolean
OHSU51 Q0 88061500 8 4.0 boolean
OHSU51 Q0 88065039 9 4.0 boolean
OHSU51 Q0 88079886 10 4.0 boolean
OHSU51 Q0 88159310 11 4.0 boolean
OHSU51 Q0 88275474 12 4.0 boolean
OHSU51 Q0 88282298 13 4.0 boolean
OHSU51 Q0 89303751 14 4.0 boolean
OHSU51 Q0 89028125 15 4.0 boolean
OHSU51 Q0 88046967 16 4.0 boolean
OHSU51 Q0 88061476 17 4.0 boolean
OHSU51 Q0 89248811 18 4.0 boolean
OHSU51 Q0 89248837 19 4.0 boolean
OHSU51 Q0 88143007 20 4.0 boolean
OHSU51 Q0 90248886 21 4.0 boolean
OHSU51 Q0 90362171 22 4.0 boolean
OHSU51 Q0 90384518 23 4.0 boolean
OHSU51 Q0 90274292 24 4.0 boolean
OHSU51 Q0 88171636 25 4.0 boolean
OHSU51 Q0 88195774 26 4.0 boolean
OHSU51 Q0 90032163 27 4.0 boolean
OHSU51 Q0 90068913 28 4.0 boolean
OHSU51 Q0 90075918 29 4.0 boolean
OHSU51 Q0 90124144 30 4.0 boolean
OHSU51 Q0 89170268 31 4.0 boolean
OHSU51 Q0 91052766 32 4.0 boolean
OHSU51 Q0 91053722 33 4.0 boolean
OHSU51 Q0 90172013 34 4.0 boolean
OHSU51 Q0 90199650 35 4.0 boolean
OHSU51 Q0 90298709 36 4.0 boolean
OHSU51 Q0 90304732 37 4.0 boolean
OHSU51 Q0 90314608 38 4.0 boolean
OHSU51 Q0 91084756 39 4.0 boolean
OHSU51 Q0 91084758 40 4.0 boolean
OHSU51 Q0 91091774 41 4.0 boolean
OHSU51 Q0 91132695 42 4.0 boolean
OHSU51 Q0 91155131 43 4.0 boolean
OHSU51 Q0 91159945 44 4.0 boolean
OHSU51 Q0 91168087 45 4.0 boolean
OHSU51 Q0 91191472 46 4.0 boolean
OHSU51 Q0 91199005 47 4.0 boolean
OHSU51 Q0 91209019 48 4.0 boolean
OHSU51 Q0 91223484 49 4.0 boolean
OHSU51 Q0 91243445 50 4.0 boolean
